<?xml version="1.0" encoding="UTF-8"?>
<!-- Generated by org.testng.reporters.JUnitReportReporter -->
<testsuite hostname="LAPTOP-T4SR8IHD" failures="0" tests="5" name="com.automation.sivatemp" time="94.120" errors="0" timestamp="08 Jan 2021 03:11:59 GMT" skipped="0">
  <testcase classname="com.automation.sivatemp" name="registrationPage" time="18.964"/>
  <testcase classname="com.automation.sivatemp" name="registrationPage" time="20.918"/>
  <testcase classname="com.automation.sivatemp" name="registrationPage" time="20.157"/>
  <testcase classname="com.automation.sivatemp" name="registrationPage" time="16.957"/>
  <testcase classname="com.automation.sivatemp" name="registrationPage" time="17.124"/>
</testsuite> <!-- com.automation.sivatemp -->
