<?xml version="1.0" encoding="UTF-8"?>
<!-- Generated by org.testng.reporters.JUnitReportReporter -->
<testsuite hostname="LAPTOP-T4SR8IHD" failures="0" tests="5" name="com.parabank.RegistrationBank" time="44.316" errors="0" timestamp="08 Jan 2021 15:08:57 GMT" skipped="0">
  <testcase classname="com.parabank.RegistrationBank" name="registerUser" time="7.882"/>
  <testcase classname="com.parabank.RegistrationBank" name="registerUser" time="7.880"/>
  <testcase classname="com.parabank.RegistrationBank" name="registerUser" time="9.463"/>
  <testcase classname="com.parabank.RegistrationBank" name="registerUser" time="10.812"/>
  <testcase classname="com.parabank.RegistrationBank" name="registerUser" time="8.279"/>
</testsuite> <!-- com.parabank.RegistrationBank -->
